<?xml version="1.0" encoding="UTF-8"?>
<!-- Generated by org.testng.reporters.JUnitXMLReporter -->
<testsuite hostname="LAPTOP-66KSTJD3" name="E2E testing" tests="23" failures="0" timestamp="16 Jun 2020 17:32:38 GMT" time="441.573" errors="0">
  <testcase name="urlValidation" time="0.24" classname="com.selenium.testScripts.TestScript"/>
  <testcase name="loginIconValidation" time="27.139" classname="com.selenium.testScripts.TestScript"/>
  <testcase name="invalidEmailLoginErrorMessageValidation" time="33.309" classname="com.selenium.testScripts.TestScript"/>
  <testcase name="invalidPasswordloginErrorMessageValidation" time="33.92" classname="com.selenium.testScripts.TestScript"/>
  <testcase name="validLoginCredentialsValidation" time="39.271" classname="com.selenium.testScripts.TestScript"/>
  <testcase name="searchBoxValidation" time="0.436" classname="com.selenium.testScripts.TestScript"/>
  <testcase name="invalidDataSearchBoxValidation" time="2.068" classname="com.selenium.testScripts.TestScript"/>
  <testcase name="navigationUsingSearchIconValidation" time="4.652" classname="com.selenium.testScripts.TestScript"/>
  <testcase name="navigationUsingSeacrhIconResultsPageAssertion" time="4.268" classname="com.selenium.testScripts.TestScript"/>
  <testcase name="sortByFilterValidation" time="6.544" classname="com.selenium.testScripts.TestScript"/>
  <testcase name="getStudyChairsNameAndPrice" time="10.377" classname="com.selenium.testScripts.TestScript"/>
  <testcase name="navigationUsingSuggestionsValidation" time="7.749" classname="com.selenium.testScripts.TestScript"/>
  <testcase name="navigateUsingSuggestionsResultPageAssertion" time="2.866" classname="com.selenium.testScripts.TestScript"/>
  <testcase name="priceFilterValidation" time="8.002" classname="com.selenium.testScripts.TestScript"/>
  <testcase name="storageTypeFilterValidation" time="9.831" classname="com.selenium.testScripts.TestScript"/>
  <testcase name="excludeOutOfStockFilterValidation" time="13.082" classname="com.selenium.testScripts.TestScript"/>
  <testcase name="getBookshelvesNameAndPrice" time="20.396" classname="com.selenium.testScripts.TestScript"/>
  <testcase name="getBeingatHomeCollectionsList" time="4.864" classname="com.selenium.testScripts.TestScript"/>
  <testcase name="giftCardsLinkTextNavigationValidation" time="4.059" classname="com.selenium.testScripts.TestScript"/>
  <testcase name="chosenOccasionAssertion" time="5.272" classname="com.selenium.testScripts.TestScript"/>
  <testcase name="giftCardsCalendarAssertion" time="10.792" classname="com.selenium.testScripts.TestScript"/>
  <testcase name="chosenDateAssertion" time="11.826" classname="com.selenium.testScripts.TestScript"/>
  <testcase name="giftCardsFormValidation" time="11.995" classname="com.selenium.testScripts.TestScript"/>
</testsuite> <!-- E2E testing -->
