<?xml version="1.0" encoding="UTF-8"?>
<!-- Generated by org.testng.reporters.JUnitXMLReporter -->
<testsuite hostname="LAPTOP-66KSTJD3" name="E2E testing" tests="23" failures="0" timestamp="15 Jun 2020 19:55:30 GMT" time="380.852" errors="0">
  <testcase name="urlValidation" time="0.029" classname="com.selenium.testScripts.TestScript"/>
  <testcase name="loginIconValidation" time="25.739" classname="com.selenium.testScripts.TestScript"/>
  <testcase name="invalidEmailLoginErrorMessageValidation" time="31.182" classname="com.selenium.testScripts.TestScript"/>
  <testcase name="invalidPasswordloginErrorMessageValidation" time="31.368" classname="com.selenium.testScripts.TestScript"/>
  <testcase name="validLoginCredentialsValidation" time="36.932" classname="com.selenium.testScripts.TestScript"/>
  <testcase name="searchBoxValidation" time="0.185" classname="com.selenium.testScripts.TestScript"/>
  <testcase name="invalidDataSearchBoxValidation" time="1.326" classname="com.selenium.testScripts.TestScript"/>
  <testcase name="navigationUsingSearchIconValidation" time="3.442" classname="com.selenium.testScripts.TestScript"/>
  <testcase name="navigationUsingSeacrhIconResultsPageAssertion" time="3.983" classname="com.selenium.testScripts.TestScript"/>
  <testcase name="sortByFilterValidation" time="6.117" classname="com.selenium.testScripts.TestScript"/>
  <testcase name="getStudyChairsNameAndPrice" time="9.58" classname="com.selenium.testScripts.TestScript"/>
  <testcase name="navigationUsingSuggestionsValidation" time="5.875" classname="com.selenium.testScripts.TestScript"/>
  <testcase name="navigateUsingSuggestionsResultPageAssertion" time="1.022" classname="com.selenium.testScripts.TestScript"/>
  <testcase name="priceFilterValidation" time="6.914" classname="com.selenium.testScripts.TestScript"/>
  <testcase name="storageTypeFilterValidation" time="8.421" classname="com.selenium.testScripts.TestScript"/>
  <testcase name="excludeOutOfStockFilterValidation" time="11.107" classname="com.selenium.testScripts.TestScript"/>
  <testcase name="getBookshelvesNameAndPrice" time="19.307" classname="com.selenium.testScripts.TestScript"/>
  <testcase name="getBeingatHomeCollectionsList" time="3.956" classname="com.selenium.testScripts.TestScript"/>
  <testcase name="giftCardsLinkTextNavigationValidation" time="2.18" classname="com.selenium.testScripts.TestScript"/>
  <testcase name="chosenOccasionAssertion" time="2.161" classname="com.selenium.testScripts.TestScript"/>
  <testcase name="giftCardsCalendarAssertion" time="7.547" classname="com.selenium.testScripts.TestScript"/>
  <testcase name="chosenDateAssertion" time="7.693" classname="com.selenium.testScripts.TestScript"/>
  <testcase name="giftCardsFormValidation" time="7.823" classname="com.selenium.testScripts.TestScript"/>
</testsuite> <!-- E2E testing -->
