<?xml version="1.0" encoding="UTF-8"?>
<!-- Generated by org.testng.reporters.JUnitXMLReporter -->
<testsuite hostname="LAPTOP-66KSTJD3" name="Groups" tests="7" failures="0" timestamp="8 Jun 2020 15:44:05 GMT" time="156.155" errors="0">
  <testcase name="validateUrl" time="0.05" classname="com.selenium.TestScripts.TestScript"/>
  <testcase name="loginIconValidation" time="25.384" classname="com.selenium.TestScripts.TestScript"/>
  <testcase name="loginValidTest" time="36.965" classname="com.selenium.TestScripts.TestScript"/>
  <testcase name="searchBoxValidation" time="0.121" classname="com.selenium.TestScripts.TestScript"/>
  <testcase name="getStudyChairsNameAndPrice" time="10.017" classname="com.selenium.TestScripts.TestScript"/>
  <testcase name="getBookshelvesNameAndPrice" time="18.242" classname="com.selenium.TestScripts.TestScript"/>
  <testcase name="giftCardsValidation" time="8.01" classname="com.selenium.TestScripts.TestScript"/>
</testsuite> <!-- Groups -->
