<?xml version="1.0" encoding="UTF-8"?>
<!-- Generated by org.testng.reporters.JUnitXMLReporter -->
<testsuite hostname="LAPTOP-66KSTJD3" name="Negative Test" tests="3" failures="0" timestamp="11 Jun 2020 18:27:52 GMT" time="99.902" errors="0">
  <testcase name="invalidEmailLoginErrorMessageValidation" time="30.703" classname="com.selenium.testScripts.TestScript"/>
  <testcase name="invalidPasswordloginErrorMessageValidation" time="32.269" classname="com.selenium.testScripts.TestScript"/>
  <testcase name="invalidDatasearchBoxValidation" time="0.74" classname="com.selenium.testScripts.TestScript"/>
</testsuite> <!-- Negative Test -->
