<?xml version="1.0" encoding="UTF-8"?>
<!-- Generated by org.testng.reporters.JUnitXMLReporter -->
<testsuite hostname="LAPTOP-66KSTJD3" name="Regression Test" tests="4" failures="0" timestamp="15 Jun 2020 19:49:09 GMT" time="112.564" errors="0">
  <testcase name="validLoginCredentialsValidation" time="37.081" classname="com.selenium.testScripts.TestScript"/>
  <testcase name="getStudyChairsNameAndPrice" time="9.07" classname="com.selenium.testScripts.TestScript"/>
  <testcase name="getBookshelvesNameAndPrice" time="19.074" classname="com.selenium.testScripts.TestScript"/>
  <testcase name="giftCardsFormValidation" time="8.123" classname="com.selenium.testScripts.TestScript"/>
</testsuite> <!-- Regression Test -->
