<?xml version="1.0" encoding="UTF-8"?>
<!-- Generated by org.testng.reporters.JUnitXMLReporter -->
<testsuite hostname="LAPTOP-66KSTJD3" name="Smoke Test" tests="3" failures="0" timestamp="15 Jun 2020 19:47:16 GMT" time="61.519" errors="0">
  <testcase name="urlValidation" time="0.081" classname="com.selenium.testScripts.TestScript"/>
  <testcase name="loginIconValidation" time="25.859" classname="com.selenium.testScripts.TestScript"/>
  <testcase name="searchBoxValidation" time="0.179" classname="com.selenium.testScripts.TestScript"/>
</testsuite> <!-- Smoke Test -->
