<?xml version="1.0" encoding="UTF-8"?>
<!-- Generated by org.testng.reporters.JUnitXMLReporter -->
<testsuite hostname="LAPTOP-66KSTJD3" name="TestScript" tests="23" failures="0" timestamp="9 Jun 2020 10:29:20 GMT" time="304.705" errors="0">
  <testcase name="@BeforeTest BeforeTest" time="0.0" classname="com.selenium.TestScripts.TestScript">
    <failure type="org.openqa.selenium.TimeoutException" message="Timed out waiting for page to load.
Build info: version: &amp;apos;3.141.59&amp;apos;, revision: &amp;apos;e82be7d358&amp;apos;, time: &amp;apos;2018-11-14T08:17:03&amp;apos;
System info: host: &amp;apos;LAPTOP-66KSTJD3&amp;apos;, ip: &amp;apos;192.168.0.105&amp;apos;, os.name: &amp;apos;Windows 10&amp;apos;, os.arch: &amp;apos;amd64&amp;apos;, os.version: &amp;apos;10.0&amp;apos;, java.version: &amp;apos;1.8.0_251&amp;apos;
Driver info: org.openqa.selenium.ie.InternetExplorerDriver
Capabilities {acceptInsecureCerts: false, browserName: internet explorer, browserVersion: 11, javascriptEnabled: true, pageLoadStrategy: normal, platform: WINDOWS, platformName: WINDOWS, proxy: Proxy(), se:ieOptions: {browserAttachTimeout: 0, elementScrollBehavior: 0, enablePersistentHover: true, ie.browserCommandLineSwitches: , ie.edgechromium: false, ie.edgepath: , ie.ensureCleanSession: false, ie.fileUploadDialogTimeout: 3000, ie.forceCreateProcessApi: false, ignoreProtectedModeSettings: false, ignoreZoomSetting: false, initialBrowserUrl: http://localhost:3288/, nativeEvents: true, requireWindowFocus: false}, setWindowRect: true, strictFileInteractability: false, timeouts: {implicit: 0, pageLoad: 300000, script: 30000}, unhandledPromptBehavior: dismiss and notify}
Session ID: 860396d4-c70f-458b-9b75-a84132143c06">
      <![CDATA[org.openqa.selenium.TimeoutException: Timed out waiting for page to load.
Build info: version: '3.141.59', revision: 'e82be7d358', time: '2018-11-14T08:17:03'
System info: host: 'LAPTOP-66KSTJD3', ip: '192.168.0.105', os.name: 'Windows 10', os.arch: 'amd64', os.version: '10.0', java.version: '1.8.0_251'
Driver info: org.openqa.selenium.ie.InternetExplorerDriver
Capabilities {acceptInsecureCerts: false, browserName: internet explorer, browserVersion: 11, javascriptEnabled: true, pageLoadStrategy: normal, platform: WINDOWS, platformName: WINDOWS, proxy: Proxy(), se:ieOptions: {browserAttachTimeout: 0, elementScrollBehavior: 0, enablePersistentHover: true, ie.browserCommandLineSwitches: , ie.edgechromium: false, ie.edgepath: , ie.ensureCleanSession: false, ie.fileUploadDialogTimeout: 3000, ie.forceCreateProcessApi: false, ignoreProtectedModeSettings: false, ignoreZoomSetting: false, initialBrowserUrl: http://localhost:3288/, nativeEvents: true, requireWindowFocus: false}, setWindowRect: true, strictFileInteractability: false, timeouts: {implicit: 0, pageLoad: 300000, script: 30000}, unhandledPromptBehavior: dismiss and notify}
Session ID: 860396d4-c70f-458b-9b75-a84132143c06
	at org.openqa.selenium.remote.http.W3CHttpResponseCodec.createException(W3CHttpResponseCodec.java:187)
	at org.openqa.selenium.remote.http.W3CHttpResponseCodec.decode(W3CHttpResponseCodec.java:122)
	at org.openqa.selenium.remote.http.W3CHttpResponseCodec.decode(W3CHttpResponseCodec.java:49)
	at org.openqa.selenium.remote.HttpCommandExecutor.execute(HttpCommandExecutor.java:158)
	at org.openqa.selenium.remote.service.DriverCommandExecutor.execute(DriverCommandExecutor.java:83)
	at org.openqa.selenium.remote.RemoteWebDriver.execute(RemoteWebDriver.java:552)
	at org.openqa.selenium.remote.RemoteWebDriver.get(RemoteWebDriver.java:277)
	at com.selenium.setup.DriverSetup.getUrl(DriverSetup.java:68)
	at com.selenium.TestScripts.TestScript.BeforeTest(TestScript.java:36)
... Removed 26 stack frames]]>
    </failure>
  </testcase> <!-- @BeforeTest BeforeTest -->
  <testcase name="@BeforeMethod BeforeMethod" time="0.0" classname="com.selenium.TestScripts.TestScript">
    <skipped/>
  </testcase> <!-- @BeforeMethod BeforeMethod -->
  <testcase name="@BeforeMethod beforeEachMethod" time="0.0" classname="com.selenium.TestScripts.TestScript">
    <skipped/>
  </testcase> <!-- @BeforeMethod beforeEachMethod -->
  <testcase name="@AfterMethod afterEachMethod" time="0.0" classname="com.selenium.TestScripts.TestScript">
    <skipped/>
  </testcase> <!-- @AfterMethod afterEachMethod -->
  <testcase name="@BeforeMethod BeforeMethod" time="0.0" classname="com.selenium.TestScripts.TestScript">
    <skipped/>
  </testcase> <!-- @BeforeMethod BeforeMethod -->
  <testcase name="@BeforeMethod beforeEachMethod" time="0.0" classname="com.selenium.TestScripts.TestScript">
    <skipped/>
  </testcase> <!-- @BeforeMethod beforeEachMethod -->
  <testcase name="@AfterMethod afterEachMethod" time="0.0" classname="com.selenium.TestScripts.TestScript">
    <skipped/>
  </testcase> <!-- @AfterMethod afterEachMethod -->
  <testcase name="@BeforeMethod BeforeMethod" time="0.0" classname="com.selenium.TestScripts.TestScript">
    <skipped/>
  </testcase> <!-- @BeforeMethod BeforeMethod -->
  <testcase name="@BeforeMethod beforeEachMethod" time="0.0" classname="com.selenium.TestScripts.TestScript">
    <skipped/>
  </testcase> <!-- @BeforeMethod beforeEachMethod -->
  <testcase name="@AfterMethod afterEachMethod" time="0.0" classname="com.selenium.TestScripts.TestScript">
    <skipped/>
  </testcase> <!-- @AfterMethod afterEachMethod -->
  <testcase name="@BeforeMethod BeforeMethod" time="0.0" classname="com.selenium.TestScripts.TestScript">
    <skipped/>
  </testcase> <!-- @BeforeMethod BeforeMethod -->
  <testcase name="@BeforeMethod beforeEachMethod" time="0.0" classname="com.selenium.TestScripts.TestScript">
    <skipped/>
  </testcase> <!-- @BeforeMethod beforeEachMethod -->
  <testcase name="@AfterMethod afterEachMethod" time="0.0" classname="com.selenium.TestScripts.TestScript">
    <skipped/>
  </testcase> <!-- @AfterMethod afterEachMethod -->
  <testcase name="@BeforeMethod BeforeMethod" time="0.0" classname="com.selenium.TestScripts.TestScript">
    <skipped/>
  </testcase> <!-- @BeforeMethod BeforeMethod -->
  <testcase name="@BeforeMethod beforeEachMethod" time="0.0" classname="com.selenium.TestScripts.TestScript">
    <skipped/>
  </testcase> <!-- @BeforeMethod beforeEachMethod -->
  <testcase name="@AfterMethod afterEachMethod" time="0.0" classname="com.selenium.TestScripts.TestScript">
    <skipped/>
  </testcase> <!-- @AfterMethod afterEachMethod -->
  <testcase name="@BeforeMethod BeforeMethod" time="0.0" classname="com.selenium.TestScripts.TestScript">
    <skipped/>
  </testcase> <!-- @BeforeMethod BeforeMethod -->
  <testcase name="@BeforeMethod beforeEachMethod" time="0.0" classname="com.selenium.TestScripts.TestScript">
    <skipped/>
  </testcase> <!-- @BeforeMethod beforeEachMethod -->
  <testcase name="@AfterMethod afterEachMethod" time="0.0" classname="com.selenium.TestScripts.TestScript">
    <skipped/>
  </testcase> <!-- @AfterMethod afterEachMethod -->
  <testcase name="@BeforeMethod BeforeMethod" time="0.0" classname="com.selenium.TestScripts.TestScript">
    <skipped/>
  </testcase> <!-- @BeforeMethod BeforeMethod -->
  <testcase name="@BeforeMethod beforeEachMethod" time="0.0" classname="com.selenium.TestScripts.TestScript">
    <skipped/>
  </testcase> <!-- @BeforeMethod beforeEachMethod -->
  <testcase name="@AfterMethod afterEachMethod" time="0.0" classname="com.selenium.TestScripts.TestScript">
    <skipped/>
  </testcase> <!-- @AfterMethod afterEachMethod -->
  <testcase name="@BeforeMethod BeforeMethod" time="0.0" classname="com.selenium.TestScripts.TestScript">
    <skipped/>
  </testcase> <!-- @BeforeMethod BeforeMethod -->
  <testcase name="@BeforeMethod beforeEachMethod" time="0.0" classname="com.selenium.TestScripts.TestScript">
    <skipped/>
  </testcase> <!-- @BeforeMethod beforeEachMethod -->
  <testcase name="@AfterMethod afterEachMethod" time="0.0" classname="com.selenium.TestScripts.TestScript">
    <skipped/>
  </testcase> <!-- @AfterMethod afterEachMethod -->
  <testcase name="@BeforeMethod BeforeMethod" time="0.0" classname="com.selenium.TestScripts.TestScript">
    <skipped/>
  </testcase> <!-- @BeforeMethod BeforeMethod -->
  <testcase name="@BeforeMethod beforeEachMethod" time="0.0" classname="com.selenium.TestScripts.TestScript">
    <skipped/>
  </testcase> <!-- @BeforeMethod beforeEachMethod -->
  <testcase name="@AfterMethod afterEachMethod" time="0.0" classname="com.selenium.TestScripts.TestScript">
    <skipped/>
  </testcase> <!-- @AfterMethod afterEachMethod -->
  <testcase name="@BeforeMethod BeforeMethod" time="0.0" classname="com.selenium.TestScripts.TestScript">
    <skipped/>
  </testcase> <!-- @BeforeMethod BeforeMethod -->
  <testcase name="@BeforeMethod beforeEachMethod" time="0.0" classname="com.selenium.TestScripts.TestScript">
    <skipped/>
  </testcase> <!-- @BeforeMethod beforeEachMethod -->
  <testcase name="@AfterMethod afterEachMethod" time="0.0" classname="com.selenium.TestScripts.TestScript">
    <skipped/>
  </testcase> <!-- @AfterMethod afterEachMethod -->
  <testcase name="@BeforeMethod BeforeMethod" time="0.0" classname="com.selenium.TestScripts.TestScript">
    <skipped/>
  </testcase> <!-- @BeforeMethod BeforeMethod -->
  <testcase name="@BeforeMethod beforeEachMethod" time="0.0" classname="com.selenium.TestScripts.TestScript">
    <skipped/>
  </testcase> <!-- @BeforeMethod beforeEachMethod -->
  <testcase name="@AfterMethod afterEachMethod" time="0.0" classname="com.selenium.TestScripts.TestScript">
    <skipped/>
  </testcase> <!-- @AfterMethod afterEachMethod -->
  <testcase name="@BeforeMethod BeforeMethod" time="0.0" classname="com.selenium.TestScripts.TestScript">
    <skipped/>
  </testcase> <!-- @BeforeMethod BeforeMethod -->
  <testcase name="@BeforeMethod beforeEachMethod" time="0.0" classname="com.selenium.TestScripts.TestScript">
    <skipped/>
  </testcase> <!-- @BeforeMethod beforeEachMethod -->
  <testcase name="@AfterMethod afterEachMethod" time="0.0" classname="com.selenium.TestScripts.TestScript">
    <skipped/>
  </testcase> <!-- @AfterMethod afterEachMethod -->
  <testcase name="@BeforeMethod BeforeMethod" time="0.0" classname="com.selenium.TestScripts.TestScript">
    <skipped/>
  </testcase> <!-- @BeforeMethod BeforeMethod -->
  <testcase name="@BeforeMethod beforeEachMethod" time="0.0" classname="com.selenium.TestScripts.TestScript">
    <skipped/>
  </testcase> <!-- @BeforeMethod beforeEachMethod -->
  <testcase name="@AfterMethod afterEachMethod" time="0.0" classname="com.selenium.TestScripts.TestScript">
    <skipped/>
  </testcase> <!-- @AfterMethod afterEachMethod -->
  <testcase name="@BeforeMethod BeforeMethod" time="0.0" classname="com.selenium.TestScripts.TestScript">
    <skipped/>
  </testcase> <!-- @BeforeMethod BeforeMethod -->
  <testcase name="@BeforeMethod beforeEachMethod" time="0.0" classname="com.selenium.TestScripts.TestScript">
    <skipped/>
  </testcase> <!-- @BeforeMethod beforeEachMethod -->
  <testcase name="@AfterMethod afterEachMethod" time="0.0" classname="com.selenium.TestScripts.TestScript">
    <skipped/>
  </testcase> <!-- @AfterMethod afterEachMethod -->
  <testcase name="@BeforeMethod BeforeMethod" time="0.0" classname="com.selenium.TestScripts.TestScript">
    <skipped/>
  </testcase> <!-- @BeforeMethod BeforeMethod -->
  <testcase name="@BeforeMethod beforeEachMethod" time="0.0" classname="com.selenium.TestScripts.TestScript">
    <skipped/>
  </testcase> <!-- @BeforeMethod beforeEachMethod -->
  <testcase name="@AfterMethod afterEachMethod" time="0.0" classname="com.selenium.TestScripts.TestScript">
    <skipped/>
  </testcase> <!-- @AfterMethod afterEachMethod -->
  <testcase name="@BeforeMethod BeforeMethod" time="0.0" classname="com.selenium.TestScripts.TestScript">
    <skipped/>
  </testcase> <!-- @BeforeMethod BeforeMethod -->
  <testcase name="@BeforeMethod beforeEachMethod" time="0.0" classname="com.selenium.TestScripts.TestScript">
    <skipped/>
  </testcase> <!-- @BeforeMethod beforeEachMethod -->
  <testcase name="@AfterMethod afterEachMethod" time="0.0" classname="com.selenium.TestScripts.TestScript">
    <skipped/>
  </testcase> <!-- @AfterMethod afterEachMethod -->
  <testcase name="@BeforeMethod BeforeMethod" time="0.0" classname="com.selenium.TestScripts.TestScript">
    <skipped/>
  </testcase> <!-- @BeforeMethod BeforeMethod -->
  <testcase name="@BeforeMethod beforeEachMethod" time="0.0" classname="com.selenium.TestScripts.TestScript">
    <skipped/>
  </testcase> <!-- @BeforeMethod beforeEachMethod -->
  <testcase name="@AfterMethod afterEachMethod" time="0.0" classname="com.selenium.TestScripts.TestScript">
    <skipped/>
  </testcase> <!-- @AfterMethod afterEachMethod -->
  <testcase name="@BeforeMethod BeforeMethod" time="0.0" classname="com.selenium.TestScripts.TestScript">
    <skipped/>
  </testcase> <!-- @BeforeMethod BeforeMethod -->
  <testcase name="@BeforeMethod beforeEachMethod" time="0.0" classname="com.selenium.TestScripts.TestScript">
    <skipped/>
  </testcase> <!-- @BeforeMethod beforeEachMethod -->
  <testcase name="@AfterMethod afterEachMethod" time="0.0" classname="com.selenium.TestScripts.TestScript">
    <skipped/>
  </testcase> <!-- @AfterMethod afterEachMethod -->
  <testcase name="@BeforeMethod BeforeMethod" time="0.0" classname="com.selenium.TestScripts.TestScript">
    <skipped/>
  </testcase> <!-- @BeforeMethod BeforeMethod -->
  <testcase name="@BeforeMethod beforeEachMethod" time="0.0" classname="com.selenium.TestScripts.TestScript">
    <skipped/>
  </testcase> <!-- @BeforeMethod beforeEachMethod -->
  <testcase name="@AfterMethod afterEachMethod" time="0.0" classname="com.selenium.TestScripts.TestScript">
    <skipped/>
  </testcase> <!-- @AfterMethod afterEachMethod -->
  <testcase name="@BeforeMethod BeforeMethod" time="0.0" classname="com.selenium.TestScripts.TestScript">
    <skipped/>
  </testcase> <!-- @BeforeMethod BeforeMethod -->
  <testcase name="@BeforeMethod beforeEachMethod" time="0.0" classname="com.selenium.TestScripts.TestScript">
    <skipped/>
  </testcase> <!-- @BeforeMethod beforeEachMethod -->
  <testcase name="@AfterMethod afterEachMethod" time="0.0" classname="com.selenium.TestScripts.TestScript">
    <skipped/>
  </testcase> <!-- @AfterMethod afterEachMethod -->
  <testcase name="@BeforeMethod BeforeMethod" time="0.0" classname="com.selenium.TestScripts.TestScript">
    <skipped/>
  </testcase> <!-- @BeforeMethod BeforeMethod -->
  <testcase name="@BeforeMethod beforeEachMethod" time="0.0" classname="com.selenium.TestScripts.TestScript">
    <skipped/>
  </testcase> <!-- @BeforeMethod beforeEachMethod -->
  <testcase name="@AfterMethod afterEachMethod" time="0.0" classname="com.selenium.TestScripts.TestScript">
    <skipped/>
  </testcase> <!-- @AfterMethod afterEachMethod -->
  <testcase name="@BeforeMethod BeforeMethod" time="0.0" classname="com.selenium.TestScripts.TestScript">
    <skipped/>
  </testcase> <!-- @BeforeMethod BeforeMethod -->
  <testcase name="@BeforeMethod beforeEachMethod" time="0.0" classname="com.selenium.TestScripts.TestScript">
    <skipped/>
  </testcase> <!-- @BeforeMethod beforeEachMethod -->
  <testcase name="@AfterMethod afterEachMethod" time="0.0" classname="com.selenium.TestScripts.TestScript">
    <skipped/>
  </testcase> <!-- @AfterMethod afterEachMethod -->
  <testcase name="@BeforeMethod BeforeMethod" time="0.0" classname="com.selenium.TestScripts.TestScript">
    <skipped/>
  </testcase> <!-- @BeforeMethod BeforeMethod -->
  <testcase name="@BeforeMethod beforeEachMethod" time="0.0" classname="com.selenium.TestScripts.TestScript">
    <skipped/>
  </testcase> <!-- @BeforeMethod beforeEachMethod -->
  <testcase name="@AfterMethod afterEachMethod" time="0.0" classname="com.selenium.TestScripts.TestScript">
    <skipped/>
  </testcase> <!-- @AfterMethod afterEachMethod -->
  <testcase name="@AfterTest AfterTest" time="0.0" classname="com.selenium.TestScripts.TestScript">
    <skipped/>
  </testcase> <!-- @AfterTest AfterTest -->
  <testcase name="validateUrl" time="0.002" classname="com.selenium.TestScripts.TestScript">
    <skipped/>
  </testcase> <!-- validateUrl -->
  <testcase name="loginIconValidation" time="0.001" classname="com.selenium.TestScripts.TestScript">
    <skipped/>
  </testcase> <!-- loginIconValidation -->
  <testcase name="loginInValidTest" time="0.002" classname="com.selenium.TestScripts.TestScript">
    <skipped/>
  </testcase> <!-- loginInValidTest -->
  <testcase name="loginInValidTest1" time="0.0" classname="com.selenium.TestScripts.TestScript">
    <skipped/>
  </testcase> <!-- loginInValidTest1 -->
  <testcase name="loginValidTest" time="0.0" classname="com.selenium.TestScripts.TestScript">
    <skipped/>
  </testcase> <!-- loginValidTest -->
  <testcase name="searchBoxValidation" time="0.008" classname="com.selenium.TestScripts.TestScript">
    <skipped/>
  </testcase> <!-- searchBoxValidation -->
  <testcase name="inValidDatasearchBoxValidation" time="0.0" classname="com.selenium.TestScripts.TestScript">
    <skipped/>
  </testcase> <!-- inValidDatasearchBoxValidation -->
  <testcase name="navigationUsingSearchIconValidation" time="0.002" classname="com.selenium.TestScripts.TestScript">
    <skipped/>
  </testcase> <!-- navigationUsingSearchIconValidation -->
  <testcase name="navigateUsingSeacrhIconAssertion" time="0.002" classname="com.selenium.TestScripts.TestScript">
    <skipped/>
  </testcase> <!-- navigateUsingSeacrhIconAssertion -->
  <testcase name="sortByFilterValidation" time="0.0" classname="com.selenium.TestScripts.TestScript">
    <skipped/>
  </testcase> <!-- sortByFilterValidation -->
  <testcase name="getStudyChairsNameAndPrice" time="0.005" classname="com.selenium.TestScripts.TestScript">
    <skipped/>
  </testcase> <!-- getStudyChairsNameAndPrice -->
  <testcase name="navigateUsingSuggestions" time="0.0" classname="com.selenium.TestScripts.TestScript">
    <skipped/>
  </testcase> <!-- navigateUsingSuggestions -->
  <testcase name="navigateUsingSuggestionsPageAssertion" time="0.001" classname="com.selenium.TestScripts.TestScript">
    <skipped/>
  </testcase> <!-- navigateUsingSuggestionsPageAssertion -->
  <testcase name="priceFilterValidation" time="0.0" classname="com.selenium.TestScripts.TestScript">
    <skipped/>
  </testcase> <!-- priceFilterValidation -->
  <testcase name="storageTypeFilterValidation" time="0.001" classname="com.selenium.TestScripts.TestScript">
    <skipped/>
  </testcase> <!-- storageTypeFilterValidation -->
  <testcase name="excludeOutofStockFilterValidation" time="0.0" classname="com.selenium.TestScripts.TestScript">
    <skipped/>
  </testcase> <!-- excludeOutofStockFilterValidation -->
  <testcase name="getBookshelvesNameAndPrice" time="0.0" classname="com.selenium.TestScripts.TestScript">
    <skipped/>
  </testcase> <!-- getBookshelvesNameAndPrice -->
  <testcase name="getBeingatHomeCollectionsList" time="0.0" classname="com.selenium.TestScripts.TestScript">
    <skipped/>
  </testcase> <!-- getBeingatHomeCollectionsList -->
  <testcase name="navigateToGiftCards" time="0.001" classname="com.selenium.TestScripts.TestScript">
    <skipped/>
  </testcase> <!-- navigateToGiftCards -->
  <testcase name="assertChosenOccasion" time="0.0" classname="com.selenium.TestScripts.TestScript">
    <skipped/>
  </testcase> <!-- assertChosenOccasion -->
  <testcase name="giftCardsCalendarAssertion" time="0.001" classname="com.selenium.TestScripts.TestScript">
    <skipped/>
  </testcase> <!-- giftCardsCalendarAssertion -->
  <testcase name="assertChosenDate" time="0.0" classname="com.selenium.TestScripts.TestScript">
    <skipped/>
  </testcase> <!-- assertChosenDate -->
  <testcase name="giftCardsValidation" time="0.002" classname="com.selenium.TestScripts.TestScript">
    <skipped/>
  </testcase> <!-- giftCardsValidation -->
</testsuite> <!-- TestScript -->
