<?xml version="1.0" encoding="UTF-8"?>
<!-- Generated by org.testng.reporters.JUnitXMLReporter -->
<testsuite hostname="LAPTOP-66KSTJD3" name="Smoke Test" tests="3" failures="0" timestamp="18 Jun 2020 10:12:29 GMT" time="61.705" errors="0">
  <testcase name="urlValidation" time="0.08" classname="com.selenium.testScripts.TestScript"/>
  <testcase name="loginIconValidation" time="25.858" classname="com.selenium.testScripts.TestScript"/>
  <testcase name="searchBoxValidation" time="0.173" classname="com.selenium.testScripts.TestScript"/>
</testsuite> <!-- Smoke Test -->
