<?xml version="1.0" encoding="UTF-8"?>
<!-- Generated by org.testng.reporters.JUnitXMLReporter -->
<testsuite hostname="LAPTOP-66KSTJD3" name="E2E testing" tests="23" failures="0" timestamp="20 Jun 2020 14:16:29 GMT" time="434.131" errors="0">
  <testcase name="urlValidation" time="0.267" classname="com.selenium.testScripts.TestScript"/>
  <testcase name="loginIconValidation" time="27.072" classname="com.selenium.testScripts.TestScript"/>
  <testcase name="invalidEmailLoginErrorMessageValidation" time="32.904" classname="com.selenium.testScripts.TestScript"/>
  <testcase name="invalidPasswordloginErrorMessageValidation" time="33.845" classname="com.selenium.testScripts.TestScript"/>
  <testcase name="validLoginCredentialsValidation" time="38.764" classname="com.selenium.testScripts.TestScript"/>
  <testcase name="searchBoxValidation" time="0.56" classname="com.selenium.testScripts.TestScript"/>
  <testcase name="invalidDataSearchBoxValidation" time="2.699" classname="com.selenium.testScripts.TestScript"/>
  <testcase name="navigationUsingSearchIconValidation" time="4.54" classname="com.selenium.testScripts.TestScript"/>
  <testcase name="navigationUsingSeacrhIconResultsPageAssertion" time="5.216" classname="com.selenium.testScripts.TestScript"/>
  <testcase name="sortByFilterValidation" time="6.883" classname="com.selenium.testScripts.TestScript"/>
  <testcase name="getStudyChairsNameAndPrice" time="10.074" classname="com.selenium.testScripts.TestScript"/>
  <testcase name="navigationUsingSuggestionsValidation" time="7.205" classname="com.selenium.testScripts.TestScript"/>
  <testcase name="navigateUsingSuggestionsResultPageAssertion" time="2.894" classname="com.selenium.testScripts.TestScript"/>
  <testcase name="priceFilterValidation" time="9.166" classname="com.selenium.testScripts.TestScript"/>
  <testcase name="storageTypeFilterValidation" time="10.112" classname="com.selenium.testScripts.TestScript"/>
  <testcase name="excludeOutOfStockFilterValidation" time="12.452" classname="com.selenium.testScripts.TestScript"/>
  <testcase name="getBookshelvesNameAndPrice" time="21.179" classname="com.selenium.testScripts.TestScript"/>
  <testcase name="getBeingatHomeCollectionsList" time="5.121" classname="com.selenium.testScripts.TestScript"/>
  <testcase name="giftCardsLinkTextNavigationValidation" time="4.486" classname="com.selenium.testScripts.TestScript"/>
  <testcase name="chosenOccasionAssertion" time="3.966" classname="com.selenium.testScripts.TestScript"/>
  <testcase name="giftCardsCalendarAssertion" time="9.886" classname="com.selenium.testScripts.TestScript"/>
  <testcase name="chosenDateAssertion" time="9.906" classname="com.selenium.testScripts.TestScript"/>
  <testcase name="giftCardsFormValidation" time="12.775" classname="com.selenium.testScripts.TestScript"/>
</testsuite> <!-- E2E testing -->
