<?xml version="1.0" encoding="UTF-8"?>
<!-- Generated by org.testng.reporters.JUnitXMLReporter -->
<testsuite hostname="LAPTOP-66KSTJD3" name="Regression Test" tests="4" failures="0" timestamp="20 Jun 2020 14:09:15 GMT" time="125.734" errors="0">
  <testcase name="validLoginCredentialsValidation" time="39.204" classname="com.selenium.testScripts.TestScript"/>
  <testcase name="getStudyChairsNameAndPrice" time="11.313" classname="com.selenium.testScripts.TestScript"/>
  <testcase name="getBookshelvesNameAndPrice" time="20.575" classname="com.selenium.testScripts.TestScript"/>
  <testcase name="giftCardsFormValidation" time="11.392" classname="com.selenium.testScripts.TestScript"/>
</testsuite> <!-- Regression Test -->
