<?xml version="1.0" encoding="UTF-8"?>
<!-- Generated by org.testng.reporters.JUnitXMLReporter -->
<testsuite hostname="LAPTOP-66KSTJD3" name="Smoke Test" tests="4" failures="0" timestamp="20 Jun 2020 14:07:09 GMT" time="164.542" errors="0">
  <testcase name="urlValidation" time="0.165" classname="com.selenium.testScripts.TestScript"/>
  <testcase name="loginIconValidation" time="90.209" classname="com.selenium.testScripts.TestScript">
    <skipped/>
  </testcase> <!-- loginIconValidation -->
  <testcase name="loginIconValidation" time="26.951" classname="com.selenium.testScripts.TestScript"/>
  <testcase name="searchBoxValidation" time="1.112" classname="com.selenium.testScripts.TestScript"/>
</testsuite> <!-- Smoke Test -->
