<?xml version="1.0" encoding="UTF-8"?>
<!-- Generated by org.testng.reporters.JUnitXMLReporter -->
<testsuite hostname="LAPTOP-66KSTJD3" name="GRP-smoke" tests="3" failures="0" timestamp="7 Jun 2020 15:48:33 GMT" time="64.797" errors="0">
  <testcase name="validateUrl" time="0.047" classname="com.selenium.TestScripts.TestScript"/>
  <testcase name="loginIconValidation" time="25.416" classname="com.selenium.TestScripts.TestScript"/>
  <testcase name="searchBoxValidation" time="0.165" classname="com.selenium.TestScripts.TestScript"/>
</testsuite> <!-- GRP-smoke -->
