<?xml version="1.0" encoding="UTF-8"?>
<!-- Generated by org.testng.reporters.JUnitXMLReporter -->
<testsuite hostname="LAPTOP-66KSTJD3" name="Regression Test" tests="4" failures="0" timestamp="15 Jun 2020 21:03:49 GMT" time="113.347" errors="0">
  <testcase name="validLoginCredentialsValidation" time="36.852" classname="com.selenium.testScripts.TestScript"/>
  <testcase name="getStudyChairsNameAndPrice" time="9.821" classname="com.selenium.testScripts.TestScript"/>
  <testcase name="getBookshelvesNameAndPrice" time="19.168" classname="com.selenium.testScripts.TestScript"/>
  <testcase name="giftCardsFormValidation" time="7.939" classname="com.selenium.testScripts.TestScript"/>
</testsuite> <!-- Regression Test -->
