<?xml version="1.0" encoding="UTF-8"?>
<testsuite xmlns:xsi="http://www.w3.org/2001/XMLSchema-instance" xsi:schemaLocation="https://maven.apache.org/surefire/maven-surefire-plugin/xsd/surefire-test-report.xsd" name="TestSuite" time="725.135" tests="31" errors="0" skipped="1" failures="0">
  <properties>
[...]
</properties>
  <testcase name="urlValidation" classname="com.selenium.testScripts.TestScript" time="0.165"/>
  <testcase name="urlValidation" classname="com.selenium.testScripts.TestScript" time="0.268"/>
  <testcase name="loginIconValidation" classname="com.selenium.testScripts.TestScript" time="0">
    <skipped message="Expected condition failed: waiting for visibility of element located by By.partialLinkText: Close (tried for 60 second(s) with 500 milliseconds interval)"/>
  </testcase>
  <testcase name="loginIconValidation" classname="com.selenium.testScripts.TestScript" time="26.95"/>
  <testcase name="loginIconValidation" classname="com.selenium.testScripts.TestScript" time="27.071"/>
  <testcase name="searchBoxValidation" classname="com.selenium.testScripts.TestScript" time="1.112"/>
  <testcase name="searchBoxValidation" classname="com.selenium.testScripts.TestScript" time="0.56"/>
  <testcase name="validLoginCredentialsValidation" classname="com.selenium.testScripts.TestScript" time="39.204"/>
  <testcase name="validLoginCredentialsValidation" classname="com.selenium.testScripts.TestScript" time="38.764"/>
  <testcase name="getStudyChairsNameAndPrice" classname="com.selenium.testScripts.TestScript" time="11.312"/>
  <testcase name="getStudyChairsNameAndPrice" classname="com.selenium.testScripts.TestScript" time="10.074"/>
  <testcase name="getBookshelvesNameAndPrice" classname="com.selenium.testScripts.TestScript" time="20.574"/>
  <testcase name="getBookshelvesNameAndPrice" classname="com.selenium.testScripts.TestScript" time="21.179"/>
  <testcase name="giftCardsFormValidation" classname="com.selenium.testScripts.TestScript" time="11.392"/>
  <testcase name="giftCardsFormValidation" classname="com.selenium.testScripts.TestScript" time="12.776"/>
  <testcase name="invalidEmailLoginErrorMessageValidation" classname="com.selenium.testScripts.TestScript" time="32.904"/>
  <testcase name="invalidPasswordloginErrorMessageValidation" classname="com.selenium.testScripts.TestScript" time="33.844"/>
  <testcase name="invalidDataSearchBoxValidation" classname="com.selenium.testScripts.TestScript" time="2.698"/>
  <testcase name="navigationUsingSearchIconValidation" classname="com.selenium.testScripts.TestScript" time="4.54"/>
  <testcase name="navigationUsingSeacrhIconResultsPageAssertion" classname="com.selenium.testScripts.TestScript" time="5.215"/>
  <testcase name="sortByFilterValidation" classname="com.selenium.testScripts.TestScript" time="6.883"/>
  <testcase name="navigationUsingSuggestionsValidation" classname="com.selenium.testScripts.TestScript" time="7.205"/>
  <testcase name="navigateUsingSuggestionsResultPageAssertion" classname="com.selenium.testScripts.TestScript" time="2.894"/>
  <testcase name="priceFilterValidation" classname="com.selenium.testScripts.TestScript" time="9.167"/>
  <testcase name="storageTypeFilterValidation" classname="com.selenium.testScripts.TestScript" time="10.112"/>
  <testcase name="excludeOutOfStockFilterValidation" classname="com.selenium.testScripts.TestScript" time="12.451"/>
  <testcase name="getBeingatHomeCollectionsList" classname="com.selenium.testScripts.TestScript" time="5.12"/>
  <testcase name="giftCardsLinkTextNavigationValidation" classname="com.selenium.testScripts.TestScript" time="4.487"/>
  <testcase name="chosenOccasionAssertion" classname="com.selenium.testScripts.TestScript" time="3.966"/>
  <testcase name="giftCardsCalendarAssertion" classname="com.selenium.testScripts.TestScript" time="9.887"/>
  <testcase name="chosenDateAssertion" classname="com.selenium.testScripts.TestScript" time="9.906"/>
</testsuite>