<?xml version="1.0" encoding="UTF-8"?>
<!-- Generated by org.testng.reporters.JUnitXMLReporter -->
<testsuite hostname="LAPTOP-66KSTJD3" name="GRP-smoke" tests="3" failures="0" timestamp="5 Jun 2020 06:55:38 GMT" time="54.87" errors="0">
  <testcase name="validateUrl" time="0.015" classname="com.selenium.TestScripts.TestScript"/>
  <testcase name="loginIconValidation" time="25.572" classname="com.selenium.TestScripts.TestScript"/>
  <testcase name="searchBoxValidation" time="0.001" classname="com.selenium.TestScripts.TestScript">
    <skipped/>
  </testcase> <!-- searchBoxValidation -->
</testsuite> <!-- GRP-smoke -->
