<?xml version="1.0" encoding="UTF-8"?>
<!-- Generated by org.testng.reporters.JUnitXMLReporter -->
<testsuite hostname="LAPTOP-66KSTJD3" name="GRP-regression" tests="4" failures="0" timestamp="4 Jun 2020 10:17:44 GMT" time="125.868" errors="0">
  <testcase name="loginValidTest" time="42.565" classname="com.selenium.TestScripts.TestScript"/>
  <testcase name="getStudyChairsNameAndPrice" time="11.052" classname="com.selenium.TestScripts.TestScript"/>
  <testcase name="getBookshelvesNameAndPrice" time="16.465" classname="com.selenium.TestScripts.TestScript"/>
  <testcase name="giftCardsValidation" time="13.094" classname="com.selenium.TestScripts.TestScript"/>
</testsuite> <!-- GRP-regression -->
