<?xml version="1.0" encoding="UTF-8"?>
<testng-results skipped="0" failed="0" total="1" passed="1">
  <reporter-output>
  </reporter-output>
  <suite name="Default suite" duration-ms="43643" started-at="2020-06-18T10:49:53Z" finished-at="2020-06-18T10:50:37Z">
    <groups>
      <group name="smoke">
        <method signature="TestScript.urlValidation()[pri:0, instance:com.selenium.testScripts.TestScript@67b6d4ae]" name="urlValidation" class="com.selenium.testScripts.TestScript"/>
      </group> <!-- smoke -->
    </groups>
    <test name="Default test" duration-ms="43643" started-at="2020-06-18T10:49:53Z" finished-at="2020-06-18T10:50:37Z">
      <class name="com.selenium.testScripts.TestScript">
        <test-method status="PASS" signature="beforeTest()[pri:0, instance:com.selenium.testScripts.TestScript@67b6d4ae]" name="beforeTest" is-config="true" duration-ms="36738" started-at="2020-06-18T16:19:53Z" finished-at="2020-06-18T16:20:30Z">
          <reporter-output>
          </reporter-output>
        </test-method> <!-- beforeTest -->
        <test-method status="PASS" signature="beforeEachMethod(java.lang.reflect.Method)[pri:0, instance:com.selenium.testScripts.TestScript@67b6d4ae]" name="beforeEachMethod" is-config="true" duration-ms="5944" started-at="2020-06-18T16:20:30Z" finished-at="2020-06-18T16:20:36Z">
          <params>
            <param index="0">
              <value>
                <![CDATA[public void com.selenium.testScripts.TestScript.urlValidation()]]>
              </value>
            </param>
          </params>
          <reporter-output>
          </reporter-output>
        </test-method> <!-- beforeEachMethod -->
        <test-method status="PASS" signature="urlValidation()[pri:0, instance:com.selenium.testScripts.TestScript@67b6d4ae]" name="urlValidation" duration-ms="85" started-at="2020-06-18T16:20:36Z" finished-at="2020-06-18T16:20:36Z">
          <reporter-output>
          </reporter-output>
        </test-method> <!-- urlValidation -->
        <test-method status="PASS" signature="afterEachMethod(org.testng.ITestResult)[pri:0, instance:com.selenium.testScripts.TestScript@67b6d4ae]" name="afterEachMethod" is-config="true" duration-ms="4" started-at="2020-06-18T16:20:36Z" finished-at="2020-06-18T16:20:36Z">
          <params>
            <param index="0">
              <value>
                <![CDATA[[TestResult name=urlValidation status=SUCCESS method=TestScript.urlValidation()[pri:0, instance:com.selenium.testScripts.TestScript@67b6d4ae] output={null}]]]>
              </value>
            </param>
          </params>
          <reporter-output>
          </reporter-output>
        </test-method> <!-- afterEachMethod -->
        <test-method status="PASS" signature="afterTest()[pri:0, instance:com.selenium.testScripts.TestScript@67b6d4ae]" name="afterTest" is-config="true" duration-ms="865" started-at="2020-06-18T16:20:36Z" finished-at="2020-06-18T16:20:37Z">
          <reporter-output>
          </reporter-output>
        </test-method> <!-- afterTest -->
      </class> <!-- com.selenium.testScripts.TestScript -->
    </test> <!-- Default test -->
  </suite> <!-- Default suite -->
</testng-results>
